The system is: Windows - 10.0.18363 - AMD64
Compiling the C compiler identification source file "CMakeCCompilerId.c" succeeded.
Compiler: C:/Program Files (x86)/Microsoft Visual Studio/2019/BuildTools/VC/Tools/MSVC/14.27.29110/bin/Hostx86/x86/cl.exe 
Build flags: 
Id flags:  

The output was:
0
Microsoft (R) C/C++ Optimizing Compiler Version 19.27.29111 for x86
Copyright (C) Microsoft Corporation.  All rights reserved.

CMakeCCompilerId.c
Microsoft (R) Incremental Linker Version 14.27.29111.0
Copyright (C) Microsoft Corporation.  All rights reserved.

/out:CMakeCCompilerId.exe 
CMakeCCompilerId.obj 


Compilation of the C compiler identification source "CMakeCCompilerId.c" produced "CMakeCCompilerId.exe"

Compilation of the C compiler identification source "CMakeCCompilerId.c" produced "CMakeCCompilerId.obj"

The C compiler identification is MSVC, found in "C:/Users/edubi/Documents/Practicas lenguajes/G50/Eduardo Binns/Practica #1/Ejercicio #3/cmake-build-debug/CMakeFiles/3.17.3/CompilerIdC/CMakeCCompilerId.exe"

Determining if the C compiler works passed with the following output:
Change Dir: C:/Users/edubi/Documents/Practicas lenguajes/G50/Eduardo Binns/Practica #1/Ejercicio #3/cmake-build-debug/CMakeFiles/CMakeTmp

Run Build Command(s):nmake /nologo cmTC_44e1b\fast && 	"C:\Program Files (x86)\Microsoft Visual Studio\2019\BuildTools\VC\Tools\MSVC\14.27.29110\bin\HostX86\x86\nmake.exe"  -f CMakeFiles\cmTC_44e1b.dir\build.make /nologo -L                  CMakeFiles\cmTC_44e1b.dir\build
Building C object CMakeFiles/cmTC_44e1b.dir/testCCompiler.c.obj
	C:\PROGRA~2\MIB055~1\2019\BUILDT~1\VC\Tools\MSVC\1427~1.291\bin\Hostx86\x86\cl.exe @C:\Users\edubi\AppData\Local\Temp\nmC523.tmp
testCCompiler.c
Linking C executable cmTC_44e1b.exe
	"C:\Users\edubi\AppData\Local\JetBrains\CLion 2020.2.1\bin\cmake\win\bin\cmake.exe" -E vs_link_exe --intdir=CMakeFiles\cmTC_44e1b.dir --rc=C:\PROGRA~2\WI3CF2~1\10\bin\100183~1.0\x86\rc.exe --mt=C:\PROGRA~2\WI3CF2~1\10\bin\100183~1.0\x86\mt.exe --manifests  -- C:\PROGRA~2\MIB055~1\2019\BUILDT~1\VC\Tools\MSVC\1427~1.291\bin\Hostx86\x86\link.exe /nologo @CMakeFiles\cmTC_44e1b.dir\objects1.rsp @C:\Users\edubi\AppData\Local\Temp\nmC5D0.tmp



Detecting C compiler ABI info compiled with the following output:
Change Dir: C:/Users/edubi/Documents/Practicas lenguajes/G50/Eduardo Binns/Practica #1/Ejercicio #3/cmake-build-debug/CMakeFiles/CMakeTmp

Run Build Command(s):nmake /nologo cmTC_ca363\fast && 	"C:\Program Files (x86)\Microsoft Visual Studio\2019\BuildTools\VC\Tools\MSVC\14.27.29110\bin\HostX86\x86\nmake.exe"  -f CMakeFiles\cmTC_ca363.dir\build.make /nologo -L                  CMakeFiles\cmTC_ca363.dir\build
Building C object CMakeFiles/cmTC_ca363.dir/CMakeCCompilerABI.c.obj
	C:\PROGRA~2\MIB055~1\2019\BUILDT~1\VC\Tools\MSVC\1427~1.291\bin\Hostx86\x86\cl.exe @C:\Users\edubi\AppData\Local\Temp\nmC8FB.tmp
CMakeCCompilerABI.c
Linking C executable cmTC_ca363.exe
	"C:\Users\edubi\AppData\Local\JetBrains\CLion 2020.2.1\bin\cmake\win\bin\cmake.exe" -E vs_link_exe --intdir=CMakeFiles\cmTC_ca363.dir --rc=C:\PROGRA~2\WI3CF2~1\10\bin\100183~1.0\x86\rc.exe --mt=C:\PROGRA~2\WI3CF2~1\10\bin\100183~1.0\x86\mt.exe --manifests  -- C:\PROGRA~2\MIB055~1\2019\BUILDT~1\VC\Tools\MSVC\1427~1.291\bin\Hostx86\x86\link.exe /nologo @CMakeFiles\cmTC_ca363.dir\objects1.rsp @C:\Users\edubi\AppData\Local\Temp\nmC9A8.tmp



